<testsuites><testsuite name="extensions: " tests="11"><testcase classname="extensions: .data_structures" name="operations_stack" /><testcase classname="extensions: .data_structures" name="operations_queue" /><testcase classname="extensions: .data_structures" name="operations_list" /><testcase classname="extensions: .data_structures" name="operations_map" /><testcase classname="extensions: .data_structures" name="operations_priorityqueue" /><testcase classname="extensions: .data_structures" name="operations_grid" /><testcase classname="extensions: .data_structures" name="overall_test_status" /><testcase classname="extensions: .date_time" name="compare_datetime_equal" /><testcase classname="extensions: .date_time" name="compare_datetime_later" /><testcase classname="extensions: .date_time" name="compare_datetime_earlier" /><testcase classname="extensions: .date_time" name="overall_test_status" /></testsuite><testsuite name="graphics_tests: graphics:OpenGL1" tests="33"><testcase classname="graphics_tests: graphics:OpenGL1.shapes_drawing" name="red_rectangle"><failure message="Error: Rectangle drawing does not contain red point inside it" type="failure" /></testcase><testcase classname="graphics_tests: graphics:OpenGL1.shapes_drawing" name="red_triangle"><failure message="Error: Triangle drawing does not contain red point inside it" type="failure" /></testcase><testcase classname="graphics_tests: graphics:OpenGL1.shapes_drawing" name="red_circle"><failure message="Error: Circle drawing does not contain red point inside it" type="failure" /></testcase><testcase classname="graphics_tests: graphics:OpenGL1.shapes_drawing" name="red_ellipse"><failure message="Error: Ellipse drawing does not contain red point inside it" type="failure" /></testcase><testcase classname="graphics_tests: graphics:OpenGL1.shapes_drawing" name="red_rectanglecolor"><failure message="Error: Rectangle-color drawing does not contain red point inside it" type="failure" /></testcase><testcase classname="graphics_tests: graphics:OpenGL1.shapes_drawing" name="red_trianglecolor"><failure message="Error: Triangle-color drawing does not contain red point inside it" type="failure" /></testcase><testcase classname="graphics_tests: graphics:OpenGL1.shapes_drawing" name="red_circlecolor"><failure message="Error: Circle-color drawing does not contain red point inside it" type="failure" /></testcase><testcase classname="graphics_tests: graphics:OpenGL1.shapes_drawing" name="red_ellipsecolor"><failure message="Error: Ellipse-color drawing does not contain red point inside it" type="failure" /></testcase><testcase classname="graphics_tests: graphics:OpenGL1.shapes_drawing" name="green_rectangle"><failure message="Error: Rectangle drawing does not contain green point inside it" type="failure" /></testcase><testcase classname="graphics_tests: graphics:OpenGL1.shapes_drawing" name="green_triangle"><failure message="Error: Triangle drawing does not contain green point inside it" type="failure" /></testcase><testcase classname="graphics_tests: graphics:OpenGL1.shapes_drawing" name="green_circle"><failure message="Error: Circle drawing does not contain green point inside it" type="failure" /></testcase><testcase classname="graphics_tests: graphics:OpenGL1.shapes_drawing" name="green_ellipse"><failure message="Error: Ellipse drawing does not contain green point inside it" type="failure" /></testcase><testcase classname="graphics_tests: graphics:OpenGL1.shapes_drawing" name="green_rectanglecolor"><failure message="Error: Rectangle-color drawing does not contain green point inside it" type="failure" /></testcase><testcase classname="graphics_tests: graphics:OpenGL1.shapes_drawing" name="green_trianglecolor"><failure message="Error: Triangle-color drawing does not contain green point inside it" type="failure" /></testcase><testcase classname="graphics_tests: graphics:OpenGL1.shapes_drawing" name="green_circlecolor"><failure message="Error: Circle-color drawing does not contain green point inside it" type="failure" /></testcase><testcase classname="graphics_tests: graphics:OpenGL1.shapes_drawing" name="green_ellipsecolor"><failure message="Error: Ellipse-color drawing does not contain green point inside it" type="failure" /></testcase><testcase classname="graphics_tests: graphics:OpenGL1.shapes_drawing" name="blue_rectangle"><failure message="Error: Rectangle drawing does not contain blue point inside it" type="failure" /></testcase><testcase classname="graphics_tests: graphics:OpenGL1.shapes_drawing" name="blue_triangle"><failure message="Error: Triangle drawing does not contain blue point inside it" type="failure" /></testcase><testcase classname="graphics_tests: graphics:OpenGL1.shapes_drawing" name="blue_circle"><failure message="Error: Circle drawing does not contain blue point inside it" type="failure" /></testcase><testcase classname="graphics_tests: graphics:OpenGL1.shapes_drawing" name="blue_ellipse"><failure message="Error: Ellipse drawing does not contain blue point inside it" type="failure" /></testcase><testcase classname="graphics_tests: graphics:OpenGL1.shapes_drawing" name="blue_rectanglecolor"><failure message="Error: Rectangle-color drawing does not contain blue point inside it" type="failure" /></testcase><testcase classname="graphics_tests: graphics:OpenGL1.shapes_drawing" name="blue_trianglecolor"><failure message="Error: Triangle-color drawing does not contain blue point inside it" type="failure" /></testcase><testcase classname="graphics_tests: graphics:OpenGL1.shapes_drawing" name="blue_circlecolor"><failure message="Error: Circle-color drawing does not contain blue point inside it" type="failure" /></testcase><testcase classname="graphics_tests: graphics:OpenGL1.shapes_drawing" name="blue_ellipsecolor"><failure message="Error: Ellipse-color drawing does not contain blue point inside it" type="failure" /></testcase><testcase classname="graphics_tests: graphics:OpenGL1.shapes_drawing" name="orange_rectangle"><failure message="Error: Rectangle drawing does not contain orange point inside it" type="failure" /></testcase><testcase classname="graphics_tests: graphics:OpenGL1.shapes_drawing" name="orange_triangle"><failure message="Error: Triangle drawing does not contain orange point inside it" type="failure" /></testcase><testcase classname="graphics_tests: graphics:OpenGL1.shapes_drawing" name="orange_circle"><failure message="Error: Circle drawing does not contain orange point inside it" type="failure" /></testcase><testcase classname="graphics_tests: graphics:OpenGL1.shapes_drawing" name="orange_ellipse"><failure message="Error: Ellipse drawing does not contain orange point inside it" type="failure" /></testcase><testcase classname="graphics_tests: graphics:OpenGL1.shapes_drawing" name="orange_rectanglecolor"><failure message="Error: Rectangle-color drawing does not contain orange point inside it" type="failure" /></testcase><testcase classname="graphics_tests: graphics:OpenGL1.shapes_drawing" name="orange_trianglecolor"><failure message="Error: Triangle-color drawing does not contain orange point inside it" type="failure" /></testcase><testcase classname="graphics_tests: graphics:OpenGL1.shapes_drawing" name="orange_circlecolor"><failure message="Error: Circle-color drawing does not contain orange point inside it" type="failure" /></testcase><testcase classname="graphics_tests: graphics:OpenGL1.shapes_drawing" name="orange_ellipsecolor"><failure message="Error: Ellipse-color drawing does not contain orange point inside it" type="failure" /></testcase><testcase classname="graphics_tests: graphics:OpenGL1.shapes_drawing" name="overall_test_status" /></testsuite><testsuite name="graphics_tests: graphics:OpenGL3" tests="33"><testcase classname="graphics_tests: graphics:OpenGL3.shapes_drawing" name="red_rectangle"><failure message="Error: Rectangle drawing does not contain red point inside it" type="failure" /></testcase><testcase classname="graphics_tests: graphics:OpenGL3.shapes_drawing" name="red_triangle"><failure message="Error: Triangle drawing does not contain red point inside it" type="failure" /></testcase><testcase classname="graphics_tests: graphics:OpenGL3.shapes_drawing" name="red_circle"><failure message="Error: Circle drawing does not contain red point inside it" type="failure" /></testcase><testcase classname="graphics_tests: graphics:OpenGL3.shapes_drawing" name="red_ellipse"><failure message="Error: Ellipse drawing does not contain red point inside it" type="failure" /></testcase><testcase classname="graphics_tests: graphics:OpenGL3.shapes_drawing" name="red_rectanglecolor"><failure message="Error: Rectangle-color drawing does not contain red point inside it" type="failure" /></testcase><testcase classname="graphics_tests: graphics:OpenGL3.shapes_drawing" name="red_trianglecolor"><failure message="Error: Triangle-color drawing does not contain red point inside it" type="failure" /></testcase><testcase classname="graphics_tests: graphics:OpenGL3.shapes_drawing" name="red_circlecolor"><failure message="Error: Circle-color drawing does not contain red point inside it" type="failure" /></testcase><testcase classname="graphics_tests: graphics:OpenGL3.shapes_drawing" name="red_ellipsecolor"><failure message="Error: Ellipse-color drawing does not contain red point inside it" type="failure" /></testcase><testcase classname="graphics_tests: graphics:OpenGL3.shapes_drawing" name="green_rectangle"><failure message="Error: Rectangle drawing does not contain green point inside it" type="failure" /></testcase><testcase classname="graphics_tests: graphics:OpenGL3.shapes_drawing" name="green_triangle"><failure message="Error: Triangle drawing does not contain green point inside it" type="failure" /></testcase><testcase classname="graphics_tests: graphics:OpenGL3.shapes_drawing" name="green_circle"><failure message="Error: Circle drawing does not contain green point inside it" type="failure" /></testcase><testcase classname="graphics_tests: graphics:OpenGL3.shapes_drawing" name="green_ellipse"><failure message="Error: Ellipse drawing does not contain green point inside it" type="failure" /></testcase><testcase classname="graphics_tests: graphics:OpenGL3.shapes_drawing" name="green_rectanglecolor"><failure message="Error: Rectangle-color drawing does not contain green point inside it" type="failure" /></testcase><testcase classname="graphics_tests: graphics:OpenGL3.shapes_drawing" name="green_trianglecolor"><failure message="Error: Triangle-color drawing does not contain green point inside it" type="failure" /></testcase><testcase classname="graphics_tests: graphics:OpenGL3.shapes_drawing" name="green_circlecolor"><failure message="Error: Circle-color drawing does not contain green point inside it" type="failure" /></testcase><testcase classname="graphics_tests: graphics:OpenGL3.shapes_drawing" name="green_ellipsecolor"><failure message="Error: Ellipse-color drawing does not contain green point inside it" type="failure" /></testcase><testcase classname="graphics_tests: graphics:OpenGL3.shapes_drawing" name="blue_rectangle"><failure message="Error: Rectangle drawing does not contain blue point inside it" type="failure" /></testcase><testcase classname="graphics_tests: graphics:OpenGL3.shapes_drawing" name="blue_triangle"><failure message="Error: Triangle drawing does not contain blue point inside it" type="failure" /></testcase><testcase classname="graphics_tests: graphics:OpenGL3.shapes_drawing" name="blue_circle"><failure message="Error: Circle drawing does not contain blue point inside it" type="failure" /></testcase><testcase classname="graphics_tests: graphics:OpenGL3.shapes_drawing" name="blue_ellipse"><failure message="Error: Ellipse drawing does not contain blue point inside it" type="failure" /></testcase><testcase classname="graphics_tests: graphics:OpenGL3.shapes_drawing" name="blue_rectanglecolor"><failure message="Error: Rectangle-color drawing does not contain blue point inside it" type="failure" /></testcase><testcase classname="graphics_tests: graphics:OpenGL3.shapes_drawing" name="blue_trianglecolor"><failure message="Error: Triangle-color drawing does not contain blue point inside it" type="failure" /></testcase><testcase classname="graphics_tests: graphics:OpenGL3.shapes_drawing" name="blue_circlecolor"><failure message="Error: Circle-color drawing does not contain blue point inside it" type="failure" /></testcase><testcase classname="graphics_tests: graphics:OpenGL3.shapes_drawing" name="blue_ellipsecolor"><failure message="Error: Ellipse-color drawing does not contain blue point inside it" type="failure" /></testcase><testcase classname="graphics_tests: graphics:OpenGL3.shapes_drawing" name="orange_rectangle"><failure message="Error: Rectangle drawing does not contain orange point inside it" type="failure" /></testcase><testcase classname="graphics_tests: graphics:OpenGL3.shapes_drawing" name="orange_triangle"><failure message="Error: Triangle drawing does not contain orange point inside it" type="failure" /></testcase><testcase classname="graphics_tests: graphics:OpenGL3.shapes_drawing" name="orange_circle"><failure message="Error: Circle drawing does not contain orange point inside it" type="failure" /></testcase><testcase classname="graphics_tests: graphics:OpenGL3.shapes_drawing" name="orange_ellipse"><failure message="Error: Ellipse drawing does not contain orange point inside it" type="failure" /></testcase><testcase classname="graphics_tests: graphics:OpenGL3.shapes_drawing" name="orange_rectanglecolor"><failure message="Error: Rectangle-color drawing does not contain orange point inside it" type="failure" /></testcase><testcase classname="graphics_tests: graphics:OpenGL3.shapes_drawing" name="orange_trianglecolor"><failure message="Error: Triangle-color drawing does not contain orange point inside it" type="failure" /></testcase><testcase classname="graphics_tests: graphics:OpenGL3.shapes_drawing" name="orange_circlecolor"><failure message="Error: Circle-color drawing does not contain orange point inside it" type="failure" /></testcase><testcase classname="graphics_tests: graphics:OpenGL3.shapes_drawing" name="orange_ellipsecolor"><failure message="Error: Ellipse-color drawing does not contain orange point inside it" type="failure" /></testcase><testcase classname="graphics_tests: graphics:OpenGL3.shapes_drawing" name="overall_test_status" /></testsuite></testsuites>