<testsuites><testsuite name="extensions: " tests="2"><testcase name="data_structures" /><testcase name="date_time"><failure message="Equal dates compared to being equal." type="failure" /></testcase></testsuite><testsuite name="graphics_tests: graphics:OpenGL1" tests="1"><testcase name="shapes_drawing"><failure message="Rectangle drawing contains red point inside it" type="failure" /><failure message="Triangle drawing contains red point inside it" type="failure" /><failure message="Circle drawing contains red point inside it" type="failure" /><failure message="Ellipse drawing contains red point inside it" type="failure" /><failure message="Rectangle-color drawing contains red point inside it" type="failure" /><failure message="Triangle-color drawing contains red point inside it" type="failure" /><failure message="Circle-color drawing contains red point inside it" type="failure" /><failure message="Ellipse-color drawing contains red point inside it" type="failure" /><failure message="Rectangle drawing contains green point inside it" type="failure" /><failure message="Triangle drawing contains green point inside it" type="failure" /><failure message="Circle drawing contains green point inside it" type="failure" /><failure message="Ellipse drawing contains green point inside it" type="failure" /><failure message="Rectangle-color drawing contains green point inside it" type="failure" /><failure message="Triangle-color drawing contains green point inside it" type="failure" /><failure message="Circle-color drawing contains green point inside it" type="failure" /><failure message="Ellipse-color drawing contains green point inside it" type="failure" /><failure message="Rectangle drawing contains blue point inside it" type="failure" /><failure message="Triangle drawing contains blue point inside it" type="failure" /><failure message="Circle drawing contains blue point inside it" type="failure" /><failure message="Ellipse drawing contains blue point inside it" type="failure" /><failure message="Rectangle-color drawing contains blue point inside it" type="failure" /><failure message="Triangle-color drawing contains blue point inside it" type="failure" /><failure message="Circle-color drawing contains blue point inside it" type="failure" /><failure message="Ellipse-color drawing contains blue point inside it" type="failure" /><failure message="Rectangle drawing contains orange point inside it" type="failure" /><failure message="Triangle drawing contains orange point inside it" type="failure" /><failure message="Circle drawing contains orange point inside it" type="failure" /><failure message="Ellipse drawing contains orange point inside it" type="failure" /><failure message="Rectangle-color drawing contains orange point inside it" type="failure" /><failure message="Triangle-color drawing contains orange point inside it" type="failure" /><failure message="Circle-color drawing contains orange point inside it" type="failure" /><failure message="Ellipse-color drawing contains orange point inside it" type="failure" /></testcase></testsuite><testsuite name="graphics_tests: graphics:OpenGL3" tests="1"><testcase name="shapes_drawing"><failure message="Rectangle drawing contains red point inside it" type="failure" /><failure message="Triangle drawing contains red point inside it" type="failure" /><failure message="Circle drawing contains red point inside it" type="failure" /><failure message="Ellipse drawing contains red point inside it" type="failure" /><failure message="Rectangle-color drawing contains red point inside it" type="failure" /><failure message="Triangle-color drawing contains red point inside it" type="failure" /><failure message="Circle-color drawing contains red point inside it" type="failure" /><failure message="Ellipse-color drawing contains red point inside it" type="failure" /><failure message="Rectangle drawing contains green point inside it" type="failure" /><failure message="Triangle drawing contains green point inside it" type="failure" /><failure message="Circle drawing contains green point inside it" type="failure" /><failure message="Ellipse drawing contains green point inside it" type="failure" /><failure message="Rectangle-color drawing contains green point inside it" type="failure" /><failure message="Triangle-color drawing contains green point inside it" type="failure" /><failure message="Circle-color drawing contains green point inside it" type="failure" /><failure message="Ellipse-color drawing contains green point inside it" type="failure" /><failure message="Rectangle drawing contains blue point inside it" type="failure" /><failure message="Triangle drawing contains blue point inside it" type="failure" /><failure message="Circle drawing contains blue point inside it" type="failure" /><failure message="Ellipse drawing contains blue point inside it" type="failure" /><failure message="Rectangle-color drawing contains blue point inside it" type="failure" /><failure message="Triangle-color drawing contains blue point inside it" type="failure" /><failure message="Circle-color drawing contains blue point inside it" type="failure" /><failure message="Ellipse-color drawing contains blue point inside it" type="failure" /><failure message="Rectangle drawing contains orange point inside it" type="failure" /><failure message="Triangle drawing contains orange point inside it" type="failure" /><failure message="Circle drawing contains orange point inside it" type="failure" /><failure message="Ellipse drawing contains orange point inside it" type="failure" /><failure message="Rectangle-color drawing contains orange point inside it" type="failure" /><failure message="Triangle-color drawing contains orange point inside it" type="failure" /><failure message="Circle-color drawing contains orange point inside it" type="failure" /><failure message="Ellipse-color drawing contains orange point inside it" type="failure" /></testcase></testsuite></testsuites>
